<?xml version="1.0" encoding="UTF-8"?>
<testng-results total="1" passed="1" failed="0" skipped="0">
  <reporter-output>
  </reporter-output>
  <suite started-at="2023-06-01T05:27:37Z" name="Suite" finished-at="2023-06-01T05:27:43Z" duration-ms="5969">
    <groups>
    </groups>
    <test started-at="2023-06-01T05:27:37Z" name="Test" finished-at="2023-06-01T05:27:43Z" duration-ms="5969">
      <class name="com.testcase.Login">
        <test-method is-config="true" signature="setUpSuit()[pri:0, instance:com.testcase.Login@31add175]" started-at="2023-06-01T10:57:37Z" name="setUpSuit" finished-at="2023-06-01T10:57:37Z" duration-ms="189" status="PASS">
          <reporter-output>
          </reporter-output>
        </test-method> <!-- setUpSuit -->
        <test-method is-config="true" signature="setup()[pri:0, instance:com.testcase.Login@31add175]" started-at="2023-06-01T10:57:37Z" name="setup" finished-at="2023-06-01T10:57:40Z" duration-ms="3102" status="PASS">
          <reporter-output>
          </reporter-output>
        </test-method> <!-- setup -->
        <test-method signature="Loginapp()[pri:0, instance:com.testcase.Login@31add175]" started-at="2023-06-01T10:57:40Z" name="Loginapp" finished-at="2023-06-01T10:57:42Z" duration-ms="2345" status="PASS">
          <reporter-output>
          </reporter-output>
        </test-method> <!-- Loginapp -->
        <test-method is-config="true" signature="teardownMethod(org.testng.ITestResult)[pri:0, instance:com.testcase.Login@31add175]" started-at="2023-06-01T10:57:42Z" name="teardownMethod" finished-at="2023-06-01T10:57:43Z" duration-ms="277" status="PASS">
          <params>
            <param index="0">
              <value>
                <![CDATA[[TestResult name=Loginapp status=SUCCESS method=Login.Loginapp()[pri:0, instance:com.testcase.Login@31add175] output={null}]]]>
              </value>
            </param>
          </params>
          <reporter-output>
          </reporter-output>
        </test-method> <!-- teardownMethod -->
        <test-method is-config="true" signature="teardown()[pri:0, instance:com.testcase.Login@31add175]" started-at="2023-06-01T10:57:43Z" name="teardown" finished-at="2023-06-01T10:57:43Z" duration-ms="230" status="PASS">
          <reporter-output>
          </reporter-output>
        </test-method> <!-- teardown -->
      </class> <!-- com.testcase.Login -->
    </test> <!-- Test -->
  </suite> <!-- Suite -->
</testng-results>
